-------------------------------------------------------------------------------
Test set: com.myjavablog.SpringBootDatabaseSecurityApplicationTests
-------------------------------------------------------------------------------
Tests run: 1, Failures: 0, Errors: 1, Skipped: 0, Time elapsed: 1.681 s <<< FAILURE! - in com.myjavablog.SpringBootDatabaseSecurityApplicationTests
initializationError(com.myjavablog.SpringBootDatabaseSecurityApplicationTests)  Time elapsed: 0.002 s  <<< ERROR!
java.lang.IllegalStateException: Unable to find a @SpringBootConfiguration, you need to use @ContextConfiguration or @SpringBootTest(classes=...) with your test

